[debug] [2024-01-30T13:03:42.807Z] ----------------------------------------------------------------------
[debug] [2024-01-30T13:03:42.809Z] Command:       C:\Program Files\nodejs\node.exe C:\Users\VADER\AppData\Roaming\npm\node_modules\firebase-tools\lib\bin\firebase.js init
[debug] [2024-01-30T13:03:42.809Z] CLI Version:   13.0.2
[debug] [2024-01-30T13:03:42.810Z] Platform:      win32
[debug] [2024-01-30T13:03:42.810Z] Node Version:  v18.16.0
[debug] [2024-01-30T13:03:42.811Z] Time:          Tue Jan 30 2024 18:33:42 GMT+0530 (India Standard Time)
[debug] [2024-01-30T13:03:42.811Z] ----------------------------------------------------------------------
[debug] 
[debug] [2024-01-30T13:03:42.869Z] > command requires scopes: ["email","openid","https://www.googleapis.com/auth/cloudplatformprojects.readonly","https://www.googleapis.com/auth/firebase","https://www.googleapis.com/auth/cloud-platform"]
[debug] [2024-01-30T13:03:42.869Z] > authorizing via signed-in user (chandanmohan50@gmail.com)
[info] 
     ######## #### ########  ######## ########     ###     ######  ########
     ##        ##  ##     ## ##       ##     ##  ##   ##  ##       ##
     ######    ##  ########  ######   ########  #########  ######  ######
     ##        ##  ##    ##  ##       ##     ## ##     ##       ## ##
     ##       #### ##     ## ######## ########  ##     ##  ######  ########

You're about to initialize a Firebase project in this directory:

  C:\Users\VADER\Desktop\real_estate_vocationiq

Before we get started, keep in mind:

  * You are initializing within an existing Firebase project directory

[info] 
=== Project Setup
[info] 
[info] First, let's associate this project directory with a Firebase project.
[info] You can create multiple project aliases by running firebase use --add, 
[info] but for now we'll just set up a default project.
[info] 
[debug] [2024-01-30T13:03:50.357Z] Using project from CLI flag: vocationaliq
[debug] [2024-01-30T13:03:50.359Z] >>> [apiv2][query] GET https://firebase.googleapis.com/v1beta1/projects/vocationaliq [none]
[debug] [2024-01-30T13:03:51.104Z] <<< [apiv2][status] GET https://firebase.googleapis.com/v1beta1/projects/vocationaliq 200
[debug] [2024-01-30T13:03:51.105Z] <<< [apiv2][body] GET https://firebase.googleapis.com/v1beta1/projects/vocationaliq {"projectId":"vocationaliq","projectNumber":"250048777908","displayName":"VocationIQ","name":"projects/vocationaliq","resources":{"hostingSite":"vocationaliq","realtimeDatabaseInstance":"vocationaliq-default-rtdb"},"state":"ACTIVE","etag":"1_1167b86a-3ffd-4d39-965d-959e7d54c904"}
[info] i  Using project vocationaliq (VocationIQ) 
[info] 
=== Hosting Setup
[debug] [2024-01-30T13:03:51.114Z] >>> [apiv2][query] GET https://firebase.googleapis.com/v1beta1/projects/vocationaliq [none]
[debug] [2024-01-30T13:03:51.669Z] <<< [apiv2][status] GET https://firebase.googleapis.com/v1beta1/projects/vocationaliq 200
[debug] [2024-01-30T13:03:51.669Z] <<< [apiv2][body] GET https://firebase.googleapis.com/v1beta1/projects/vocationaliq {"projectId":"vocationaliq","projectNumber":"250048777908","displayName":"VocationIQ","name":"projects/vocationaliq","resources":{"hostingSite":"vocationaliq","realtimeDatabaseInstance":"vocationaliq-default-rtdb"},"state":"ACTIVE","etag":"1_1167b86a-3ffd-4d39-965d-959e7d54c904"}
[info] 
[info] Your public directory is the folder (relative to your project directory) that
[info] will contain Hosting assets to be uploaded with firebase deploy. If you
[info] have a build process for your assets, use your build's output directory.
[info] 
[debug] [2024-01-30T13:04:53.911Z] ----------------------------------------------------------------------
[debug] [2024-01-30T13:04:53.912Z] Command:       C:\Program Files\nodejs\node.exe C:\Users\VADER\AppData\Roaming\npm\node_modules\firebase-tools\lib\bin\firebase.js init
[debug] [2024-01-30T13:04:53.913Z] CLI Version:   13.0.2
[debug] [2024-01-30T13:04:53.913Z] Platform:      win32
[debug] [2024-01-30T13:04:53.913Z] Node Version:  v18.16.0
[debug] [2024-01-30T13:04:53.914Z] Time:          Tue Jan 30 2024 18:34:53 GMT+0530 (India Standard Time)
[debug] [2024-01-30T13:04:53.914Z] ----------------------------------------------------------------------
[debug] 
[debug] [2024-01-30T13:04:53.920Z] > command requires scopes: ["email","openid","https://www.googleapis.com/auth/cloudplatformprojects.readonly","https://www.googleapis.com/auth/firebase","https://www.googleapis.com/auth/cloud-platform"]
[debug] [2024-01-30T13:04:53.920Z] > authorizing via signed-in user (chandanmohan50@gmail.com)
[info] 
     ######## #### ########  ######## ########     ###     ######  ########
     ##        ##  ##     ## ##       ##     ##  ##   ##  ##       ##
     ######    ##  ########  ######   ########  #########  ######  ######
     ##        ##  ##    ##  ##       ##     ## ##     ##       ## ##
     ##       #### ##     ## ######## ########  ##     ##  ######  ########

You're about to initialize a Firebase project in this directory:

  C:\Users\VADER\Desktop\real_estate_vocationiq

[info] 
=== Project Setup
[info] 
[info] First, let's associate this project directory with a Firebase project.
[info] You can create multiple project aliases by running firebase use --add, 
[info] but for now we'll just set up a default project.
[info] 
[debug] [2024-01-30T13:04:57.818Z] Using project from CLI flag: vocationaliq
[debug] [2024-01-30T13:04:57.820Z] >>> [apiv2][query] GET https://firebase.googleapis.com/v1beta1/projects/vocationaliq [none]
[debug] [2024-01-30T13:04:58.376Z] <<< [apiv2][status] GET https://firebase.googleapis.com/v1beta1/projects/vocationaliq 200
[debug] [2024-01-30T13:04:58.376Z] <<< [apiv2][body] GET https://firebase.googleapis.com/v1beta1/projects/vocationaliq {"projectId":"vocationaliq","projectNumber":"250048777908","displayName":"VocationIQ","name":"projects/vocationaliq","resources":{"hostingSite":"vocationaliq","realtimeDatabaseInstance":"vocationaliq-default-rtdb"},"state":"ACTIVE","etag":"1_1167b86a-3ffd-4d39-965d-959e7d54c904"}
[info] i  Using project vocationaliq (VocationIQ) 
[info] 
=== Hosting Setup
[debug] [2024-01-30T13:04:58.382Z] >>> [apiv2][query] GET https://firebase.googleapis.com/v1beta1/projects/vocationaliq [none]
[debug] [2024-01-30T13:04:58.884Z] <<< [apiv2][status] GET https://firebase.googleapis.com/v1beta1/projects/vocationaliq 200
[debug] [2024-01-30T13:04:58.884Z] <<< [apiv2][body] GET https://firebase.googleapis.com/v1beta1/projects/vocationaliq {"projectId":"vocationaliq","projectNumber":"250048777908","displayName":"VocationIQ","name":"projects/vocationaliq","resources":{"hostingSite":"vocationaliq","realtimeDatabaseInstance":"vocationaliq-default-rtdb"},"state":"ACTIVE","etag":"1_1167b86a-3ffd-4d39-965d-959e7d54c904"}
[info] 
[info] Your public directory is the folder (relative to your project directory) that
[info] will contain Hosting assets to be uploaded with firebase deploy. If you
[info] have a build process for your assets, use your build's output directory.
[info] 
